<?xml version="1.0" encoding="UTF-8"?>
<!-- Generated by org.testng.reporters.JUnitReportReporter -->
<testsuite hostname="Hari" name="test.TestNGAnnotations" tests="2" failures="0" timestamp="2 Jan 2020 10:57:07 GMT" time="0.037" errors="0">
  <testcase name="testCase1" time="0.020" classname="test.TestNGAnnotations"/>
  <testcase name="testCase2" time="0.017" classname="test.TestNGAnnotations"/>
</testsuite> <!-- test.TestNGAnnotations -->
