<?xml version="1.0" encoding="UTF-8"?>
<!-- Generated by org.testng.reporters.JUnitReportReporter -->
<testsuite hostname="Hari" name="test.DressPageTest" tests="4" failures="0" timestamp="2 Jan 2020 12:31:45 GMT" time="18.944" errors="0">
  <testcase name="verifyMatchr" time="3.048" classname="test.DressPageTest"/>
  <testcase name="verifyChk" time="3.775" classname="test.DressPageTest"/>
  <testcase name="verifyProductd" time="6.732" classname="test.DressPageTest"/>
  <testcase name="verifyNewsl" time="5.389" classname="test.DressPageTest"/>
</testsuite> <!-- test.DressPageTest -->
