<?xml version="1.0" encoding="UTF-8"?>
<!-- Generated by org.testng.reporters.JUnitReportReporter -->
<testsuite hostname="Hari" name="test.OrangeHRMTest" tests="3" failures="0" timestamp="2 Jan 2020 12:31:45 GMT" time="28.591" errors="0">
  <testcase name="VerifyLogin" time="8.186" classname="test.OrangeHRMTest"/>
  <testcase name="VerifyLogin" time="8.549" classname="test.OrangeHRMTest"/>
  <testcase name="VerifyLogin" time="11.856" classname="test.OrangeHRMTest"/>
</testsuite> <!-- test.OrangeHRMTest -->
