<?xml version="1.0" encoding="UTF-8"?>
<!-- Generated by org.testng.reporters.JUnitReportReporter -->
<testsuite hostname="Hari" name="test.NewTest" tests="2" failures="0" timestamp="2 Jan 2020 10:31:36 GMT" time="0.091" errors="0">
  <testcase name="f" time="0.090" classname="test.NewTest"/>
  <testcase name="f" time="0.001" classname="test.NewTest"/>
</testsuite> <!-- test.NewTest -->
