<?xml version="1.0" encoding="UTF-8"?>
<!-- Generated by org.testng.reporters.JUnitReportReporter -->
<testsuite hostname="Hari" name="test.HomePageTest" tests="2" failures="0" timestamp="2 Jan 2020 12:31:45 GMT" time="3.276" errors="0">
  <testcase name="verifyTab" time="0.411" classname="test.HomePageTest"/>
  <testcase name="verifyUrl" time="2.865" classname="test.HomePageTest"/>
</testsuite> <!-- test.HomePageTest -->
