<?xml version="1.0" encoding="UTF-8"?>
<!-- Generated by org.testng.reporters.JUnitReportReporter -->
<testsuite hostname="Hari" name="test.DressPageTest" tests="4" failures="0" timestamp="6 Jan 2020 07:34:57 GMT" time="17.780" errors="0">
  <testcase name="verifyMatchr" time="2.869" classname="test.DressPageTest"/>
  <testcase name="verifyNewsl" time="3.765" classname="test.DressPageTest"/>
  <testcase name="verifyChk" time="4.731" classname="test.DressPageTest"/>
  <testcase name="verifyProductd" time="6.415" classname="test.DressPageTest"/>
</testsuite> <!-- test.DressPageTest -->
