<?xml version="1.0" encoding="UTF-8"?>
<!-- Generated by org.testng.reporters.JUnitReportReporter -->
<testsuite hostname="Hari" name="test.OrangeHRMTest" tests="3" failures="0" timestamp="6 Jan 2020 07:34:57 GMT" time="26.263" errors="0">
  <testcase name="VerifyLogin" time="10.269" classname="test.OrangeHRMTest"/>
  <testcase name="VerifyLogin" time="7.032" classname="test.OrangeHRMTest"/>
  <testcase name="VerifyLogin" time="8.962" classname="test.OrangeHRMTest"/>
</testsuite> <!-- test.OrangeHRMTest -->
