<?xml version="1.0" encoding="UTF-8"?>
<!-- Generated by org.testng.reporters.JUnitReportReporter -->
<testsuite hostname="Hari" name="test.HomePageTest" tests="2" failures="0" timestamp="6 Jan 2020 07:34:57 GMT" time="2.783" errors="0">
  <testcase name="verifyUrl" time="2.499" classname="test.HomePageTest"/>
  <testcase name="verifyTab" time="0.284" classname="test.HomePageTest"/>
</testsuite> <!-- test.HomePageTest -->
